Stopped in 109 steps at PC = 0x61.  Status 'HLT', CC Z=0 S=0 O=0
Changes to registers:
%rax:	0x0000000000000000	0x000000000000abcd
%rdx:	0x0000000000000000	0x000000000000000d
%rsp:	0x0000000000000000	0x00000000000007f0
%rbp:	0x0000000000000000	0x0000000000000800

Changes to memory:
0x0000000000000738:	0x0000000000000000	0x0000000000000038
0x0000000000000740:	0x0000000000000000	0x0000000000000768
0x0000000000000748:	0x0000000000000000	0x00000000000000ae
0x0000000000000750:	0x0000000000000000	0x0000000000000040
0x0000000000000760:	0x0000000000000000	0x0000000000000030
0x0000000000000768:	0x0000000000000000	0x0000000000000790
0x0000000000000770:	0x0000000000000000	0x00000000000000ae
0x0000000000000778:	0x0000000000000000	0x0000000000000038
0x0000000000000780:	0x0000000000000000	0x0000000000000001
0x0000000000000788:	0x0000000000000000	0x0000000000000028
0x0000000000000790:	0x0000000000000000	0x00000000000007b8
0x0000000000000798:	0x0000000000000000	0x00000000000000ae
0x00000000000007a0:	0x0000000000000000	0x0000000000000030
0x00000000000007a8:	0x0000000000000000	0x0000000000000002
0x00000000000007b0:	0x0000000000000000	0x0000000000000020
0x00000000000007b8:	0x0000000000000000	0x00000000000007e0
0x00000000000007c0:	0x0000000000000000	0x00000000000000ae
0x00000000000007c8:	0x0000000000000000	0x0000000000000028
0x00000000000007d0:	0x0000000000000000	0x0000000000000003
0x00000000000007e0:	0x0000000000000000	0x0000000000000800
0x00000000000007e8:	0x0000000000000000	0x0000000000000061
0x00000000000007f0:	0x0000000000000000	0x0000000000000020
0x00000000000007f8:	0x0000000000000000	0x0000000000000004
